<?xml version="1.0" encoding="UTF-8"?>
<!-- Generated by org.testng.reporters.JUnitXMLReporter -->
<testsuite hostname="LAPTOP-FK7QL8FC" ignored="1" name="Default test" tests="1" failures="0" timestamp="2022-08-06T19:37:01 IST" time="0.233" errors="0">
  <testcase name="testing" time="0.023" classname="java_practise.number_of_occures"/>
  <testcase name="number" time="0.0" classname="java_practise.number_of_occures">
    <ignored/>
  </testcase> <!-- number -->
</testsuite> <!-- Default test -->
