<?xml version="1.0" encoding="UTF-8"?>
<testng-results skipped="0" failed="0" ignored="0" total="1" passed="1">
  <reporter-output>
  </reporter-output>
  <suite name="Suite" duration-ms="190" started-at="2022-08-07T15:16:13 IST" finished-at="2022-08-07T15:16:13 IST">
    <groups>
    </groups>
    <test name="Test" duration-ms="190" started-at="2022-08-07T15:16:13 IST" finished-at="2022-08-07T15:16:13 IST">
      <class name="java_practise.parameters">
        <test-method status="PASS" signature="parameter(java.lang.String)[pri:0, instance:java_practise.parameters@1877ab81]" name="parameter" duration-ms="23" started-at="2022-08-07T15:16:13 IST" finished-at="2022-08-07T15:16:13 IST">
          <params>
            <param index="0">
              <value>
                <![CDATA[https://google.com]]>
              </value>
            </param>
          </params>
          <reporter-output>
          </reporter-output>
        </test-method> <!-- parameter -->
      </class> <!-- java_practise.parameters -->
    </test> <!-- Test -->
  </suite> <!-- Suite -->
</testng-results>
